
CondaError: Run 'conda init' before 'conda activate'

Traceback (most recent call last):
  File [35m"/shared/EvolvePro/evolvepro/plm/esm/extract.py"[0m, line [35m208[0m, in [35m<module>[0m
    [31mmain[0m[1;31m()[0m
    [31m~~~~[0m[1;31m^^[0m
  File [35m"/shared/EvolvePro/evolvepro/plm/esm/extract.py"[0m, line [35m191[0m, in [35mmain[0m
    [31mrun[0m[1;31m(args)[0m
    [31m~~~[0m[1;31m^^^^^^[0m
  File [35m"/shared/EvolvePro/evolvepro/plm/esm/extract.py"[0m, line [35m84[0m, in [35mrun[0m
    model = model.cuda()
  File [35m"/home/ubuntu/anaconda3/lib/python3.13/site-packages/torch/nn/modules/module.py"[0m, line [35m1053[0m, in [35mcuda[0m
    return [31mself._apply[0m[1;31m(lambda t: t.cuda(device))[0m
           [31m~~~~~~~~~~~[0m[1;31m^^^^^^^^^^^^^^^^^^^^^^^^^^[0m
  File [35m"/home/ubuntu/anaconda3/lib/python3.13/site-packages/torch/nn/modules/module.py"[0m, line [35m903[0m, in [35m_apply[0m
    [31mmodule._apply[0m[1;31m(fn)[0m
    [31m~~~~~~~~~~~~~[0m[1;31m^^^^[0m
  File [35m"/home/ubuntu/anaconda3/lib/python3.13/site-packages/torch/nn/modules/module.py"[0m, line [35m903[0m, in [35m_apply[0m
    [31mmodule._apply[0m[1;31m(fn)[0m
    [31m~~~~~~~~~~~~~[0m[1;31m^^^^[0m
  File [35m"/home/ubuntu/anaconda3/lib/python3.13/site-packages/torch/nn/modules/module.py"[0m, line [35m903[0m, in [35m_apply[0m
    [31mmodule._apply[0m[1;31m(fn)[0m
    [31m~~~~~~~~~~~~~[0m[1;31m^^^^[0m
  File [35m"/home/ubuntu/anaconda3/lib/python3.13/site-packages/torch/nn/modules/module.py"[0m, line [35m930[0m, in [35m_apply[0m
    param_applied = fn(param)
  File [35m"/home/ubuntu/anaconda3/lib/python3.13/site-packages/torch/nn/modules/module.py"[0m, line [35m1053[0m, in [35m<lambda>[0m
    return self._apply(lambda t: [31mt.cuda[0m[1;31m(device)[0m)
                                 [31m~~~~~~[0m[1;31m^^^^^^^^[0m
[1;35mtorch.OutOfMemoryError[0m: [35mCUDA out of memory. Tried to allocate 400.00 MiB. GPU 0 has a total capacity of 39.49 GiB of which 9.38 MiB is free. Including non-PyTorch memory, this process has 39.48 GiB memory in use. Of the allocated memory 39.07 GiB is allocated by PyTorch, and 863.00 KiB is reserved by PyTorch but unallocated. If reserved but unallocated memory is large try setting PYTORCH_CUDA_ALLOC_CONF=expandable_segments:True to avoid fragmentation.  See documentation for Memory Management  (https://pytorch.org/docs/stable/notes/cuda.html#environment-variables)[0m
